<?xml version="1.0" encoding="UTF-8"?>
<testsuite xmlns:xsi="http://www.w3.org/2001/XMLSchema-instance" xsi:noNamespaceSchemaLocation="https://maven.apache.org/surefire/maven-surefire-plugin/xsd/surefire-test-report-3.0.xsd" version="3.0" name="com.example.demo.TalkartApplicationTests" time="12.318" tests="1" errors="0" skipped="0" failures="0">
  <properties>
[...]
</properties>
  <testcase name="contextLoads" classname="com.example.demo.TalkartApplicationTests" time="1.904">
    <system-out><![CDATA[22:56:58.580 [main] INFO org.springframework.test.context.support.AnnotationConfigContextLoaderUtils -- Could not detect default configuration classes for test class [com.example.demo.TalkartApplicationTests]: TalkartApplicationTests does not declare any static, non-private, non-final, nested classes annotated with @Configuration.
22:56:58.875 [main] INFO org.springframework.boot.test.context.SpringBootTestContextBootstrapper -- Found @SpringBootConfiguration com.example.demo.TalkartApplication for test class com.example.demo.TalkartApplicationTests
22:56:59.272 [main] INFO org.springframework.boot.devtools.restart.RestartApplicationListener -- Restart disabled due to context in which it is running

  .   ____          _            __ _ _
 /\\ / ___'_ __ _ _(_)_ __  __ _ \ \ \ \
( ( )\___ | '_ | '_| | '_ \/ _` | \ \ \ \
 \\/  ___)| |_)| | | | | || (_| |  ) ) ) )
  '  |____| .__|_| |_|_| |_\__, | / / / /
 =========|_|==============|___/=/_/_/_/

 :: Spring Boot ::                (v3.3.7)

2024-12-30T22:56:59.817+01:00  INFO 5704 --- [talkart] [           main] c.example.demo.TalkartApplicationTests   : Starting TalkartApplicationTests using Java 17.0.10 with PID 5704 (started by Ce pc in C:\Users\Ce pc\Documents\workspace-spring-tool-suite-4-4.22.0.RELEASE\talkart)
2024-12-30T22:56:59.821+01:00  INFO 5704 --- [talkart] [           main] c.example.demo.TalkartApplicationTests   : No active profile set, falling back to 1 default profile: "default"
2024-12-30T22:57:01.842+01:00  INFO 5704 --- [talkart] [           main] .s.d.r.c.RepositoryConfigurationDelegate : Multiple Spring Data modules found, entering strict repository configuration mode
2024-12-30T22:57:01.846+01:00  INFO 5704 --- [talkart] [           main] .s.d.r.c.RepositoryConfigurationDelegate : Bootstrapping Spring Data JDBC repositories in DEFAULT mode.
2024-12-30T22:57:01.907+01:00  INFO 5704 --- [talkart] [           main] .s.d.r.c.RepositoryConfigurationDelegate : Finished Spring Data repository scanning in 39 ms. Found 0 JDBC repository interfaces.
2024-12-30T22:57:01.944+01:00  INFO 5704 --- [talkart] [           main] .s.d.r.c.RepositoryConfigurationDelegate : Multiple Spring Data modules found, entering strict repository configuration mode
2024-12-30T22:57:01.947+01:00  INFO 5704 --- [talkart] [           main] .s.d.r.c.RepositoryConfigurationDelegate : Bootstrapping Spring Data JPA repositories in DEFAULT mode.
2024-12-30T22:57:01.971+01:00  INFO 5704 --- [talkart] [           main] .s.d.r.c.RepositoryConfigurationDelegate : Finished Spring Data repository scanning in 10 ms. Found 0 JPA repository interfaces.
2024-12-30T22:57:03.049+01:00  INFO 5704 --- [talkart] [           main] o.hibernate.jpa.internal.util.LogHelper  : HHH000204: Processing PersistenceUnitInfo [name: default]
2024-12-30T22:57:03.235+01:00  INFO 5704 --- [talkart] [           main] org.hibernate.Version                    : HHH000412: Hibernate ORM core version 6.5.3.Final
2024-12-30T22:57:03.343+01:00  INFO 5704 --- [talkart] [           main] o.h.c.internal.RegionFactoryInitiator    : HHH000026: Second-level cache disabled
2024-12-30T22:57:04.303+01:00  INFO 5704 --- [talkart] [           main] o.s.o.j.p.SpringPersistenceUnitInfo      : No LoadTimeWeaver setup: ignoring JPA class transformer
2024-12-30T22:57:04.394+01:00  INFO 5704 --- [talkart] [           main] com.zaxxer.hikari.HikariDataSource       : HikariPool-1 - Starting...
2024-12-30T22:57:04.743+01:00  INFO 5704 --- [talkart] [           main] com.zaxxer.hikari.pool.HikariPool        : HikariPool-1 - Added connection com.mysql.cj.jdbc.ConnectionImpl@3e98b933
2024-12-30T22:57:04.750+01:00  INFO 5704 --- [talkart] [           main] com.zaxxer.hikari.HikariDataSource       : HikariPool-1 - Start completed.
2024-12-30T22:57:04.825+01:00  WARN 5704 --- [talkart] [           main] org.hibernate.orm.deprecation            : HHH90000025: MySQL8Dialect does not need to be specified explicitly using 'hibernate.dialect' (remove the property setting and it will be selected by default)
2024-12-30T22:57:04.829+01:00  WARN 5704 --- [talkart] [           main] org.hibernate.orm.deprecation            : HHH90000026: MySQL8Dialect has been deprecated; use org.hibernate.dialect.MySQLDialect instead
2024-12-30T22:57:06.003+01:00  INFO 5704 --- [talkart] [           main] o.h.e.t.j.p.i.JtaPlatformInitiator       : HHH000489: No JTA platform available (set 'hibernate.transaction.jta.platform' to enable JTA platform integration)
2024-12-30T22:57:06.020+01:00  INFO 5704 --- [talkart] [           main] j.LocalContainerEntityManagerFactoryBean : Initialized JPA EntityManagerFactory for persistence unit 'default'
2024-12-30T22:57:06.680+01:00  WARN 5704 --- [talkart] [           main] JpaBaseConfiguration$JpaWebConfiguration : spring.jpa.open-in-view is enabled by default. Therefore, database queries may be performed during view rendering. Explicitly configure spring.jpa.open-in-view to disable this warning
2024-12-30T22:57:08.540+01:00  INFO 5704 --- [talkart] [           main] c.example.demo.TalkartApplicationTests   : Started TalkartApplicationTests in 9.291 seconds (process running for 11.715)
]]></system-out>
  </testcase>
</testsuite>